253740
763647
1209335
904482
13584
1053832
730709
2264933
1874744
68399
1468394
220713
2288222
211352
211752
1808181
870029
968776
152244
96126
2684473
361523
2094437
55311
1015410
1663207
510985
17390
194294
1462848
38383
1948698
2811952
2899473
2710765
527384
119440
836724
457489
947499
312351
1919076
1722867
1318511
1710616
2601207
575197
2401373
191031
2059633
235317
1737314
2347692
1347952
1170130
2131031
1544127
1020227
452988
416946
1407318
2026570
442025
1968836
1110702
70469
1688700
2618459
41177
344707
1248721
402631
283240
557519
695438
96687
1638070
1455975
1719596
590858
153757
178943
217923
1412960
1297173
182300
1184779
2011987
1918025
2583846
371519
271384
2835907
1323528
1570794
2746979
2628781
45606
438510
30209
139288
385033
308287
426204
84664
2622055
354593
297088
191146
1223244
340490
2172662
469226
764393
573135
159264
1004501
1946084
99292
1113428
2084463
1478470
1475202
2130449
94201
2741487
883494
293150
1412310
539154
2054059
2699820
1831343
197524
2153158
797153
182743
178177
2630153
928445
249663
825636
1636496
30923
1558722
2040498
694643
2081079
1103418
746791
84022
686508
749061
1192058
861766
463797
1548886
11869
2058582
1508479
15723
1348011
1493103
1697496
662841
978226
70087
723428
1923457
621556
187429
507442
2388871
2460545
1224126
1099585
1126552
847108
245802
657252
168300
1597362
258678
2686233
881434
708931
270340
319165
568438
2014966
607526
494800
2977709
590896
2647535
282450
534299
88611
1823988
684008
971234
1360380
149887
217259
1242762
726768
2093260
2740152
276164
1164371
1320713
129247
173856
1118560
1569770
403144
2097056
2929570
920432
84623
859621
105638
143355
8619
1826921
216396
1474020
492123
852013
1170846
671614
1254902
424781
2725143
1328409
970836
679760
2290179
973629
410610
262902
1167465
22465
2048140
407203
739113
2173699
1311660
248237
1783767
1642873
2770301
34376
487479
1145107
1235400
874350
451813
368417
1112663
2368007
2296539
862009
1123617
2352216
818428
207515
690180
444731
2139594
465201
833531
1872231
379421
272040
1657428
1895580
316703
6888
315436
562090
1334838
338359
14248
816584
943065
353801
1406039
2040206
233712
412547
558320
195254
318239
219760
1306696
627836
217283
41617
1590285
2273841
1064931
246323
26905
819464
1995538
569641
329746
527178
389071
1149308
1025130
491231
1100516
312838
899510
422169
596048
704170
1169398
101208
2130842
612993
452257
659317
391430
146813
678893
978360
844470
266126
902210
2517026
1294300
2532079
22958
1133410
1528439
136230
637028
1573839
451468
2177028
864879
1197951
2650340
166697
1262097
1798417
16532
64241
1808082
121983
593782
2497998
1316675
470609
200644
1888677
439400
1400301
253279
2303774
65635
45585
750467
304859
1387330
8439
2042612
1161206
2165909
2113301
1964008
6119
2618786
151517
63437
372437
1873341
607520
2202109
1952752
2570706
235627
809819
494214
1682844
1196763
124568
1832270
847749
11450
273279
1118430
107062
324211
755839
194210
169565
353861
411866
851957
179990
8136
385550
243506
64033
1292904
1401113
1159780
2162344
1623035
490808
1635487
2481109
2042810
1964061
630556
1753467
1969007
1738993
246086
1424569
1051180
197517
1417339
80731
1610825
587640
1590566
328386
552020
1632761
717714
605653
1374737
1082305
1356801
1603202
420335
398063
732603
1722273
646651
1553119
480212
2352366
2096533
875905
437876
1235364
988837
5889
275788
2105054
1399915
222074
328020
1317790
481376
1418255
916975
41721
168610
1128345
2079729
730182
100338
220219
96226
2820763
221355
1980362
1660752
746992
989004
361058
1905048
2027029
196875
365199
775891
990080
953856
1667724
1083781
12756
1882366
496753
1229685
687727
1975191
610484
2221336
2645
339428
249015
840171
